<?xml version="1.0" encoding="UTF-8"?>
<!-- Generated by org.testng.reporters.JUnitReportReporter -->
<testsuite hostname="LTIN452093" failures="0" tests="1" name="Petsmart.saucce2" time="9.449" errors="0" timestamp="2025-07-09T01:13:53 IST" skipped="0">
  <testcase classname="Petsmart.saucce2" name="secondtest" time="9.449"/>
</testsuite> <!-- Petsmart.saucce2 -->
